2025-03-07 20:20:01,080 - Début du dessin d'un carré de côté 200 cm
2025-03-07 20:20:01,081 - Coin enregistré: (0, 0)
2025-03-07 20:20:01,081 - Nouveau côté commencé
2025-03-07 20:20:02,423 - Côté terminé, distance atteinte = 441.06 cm, étape 0
2025-03-07 20:20:02,423 - Coin enregistré: (259.000062417838, 357.0)
2025-03-07 20:20:02,423 - Passage à la phase de rotation
2025-03-07 20:20:02,423 - Rotation démarrée
2025-03-07 20:20:02,817 - Rotation terminée, étape 1
2025-03-07 20:20:02,817 - Démarrage d'un nouveau côté
2025-03-07 20:20:02,817 - Nouveau côté commencé
2025-03-07 20:20:05,114 - Côté terminé, distance atteinte = 200.46 cm, étape 2
2025-03-07 20:20:05,125 - Coin enregistré: (259.000062417838, 557.464416016779)
2025-03-07 20:20:05,125 - Passage à la phase de rotation
2025-03-07 20:20:05,125 - Rotation démarrée
2025-03-07 20:20:05,395 - Rotation terminée, étape 3
2025-03-07 20:20:05,395 - Démarrage d'un nouveau côté
2025-03-07 20:20:05,395 - Nouveau côté commencé
2025-03-07 20:20:07,698 - Côté terminé, distance atteinte = 201.03 cm, étape 4
2025-03-07 20:20:07,699 - Coin enregistré: (57.973116038617924, 557.464416016779)
2025-03-07 20:20:07,699 - Passage à la phase de rotation
2025-03-07 20:20:07,699 - Rotation démarrée
2025-03-07 20:20:08,092 - Rotation terminée, étape 5
2025-03-07 20:20:08,093 - Démarrage d'un nouveau côté
2025-03-07 20:20:08,093 - Nouveau côté commencé
2025-03-07 20:20:10,388 - Côté terminé, distance atteinte = 200.29 cm, étape 6
2025-03-07 20:20:10,388 - Coin enregistré: (57.973116038617924, 357.17807809195295)
2025-03-07 20:20:10,388 - Passage à la phase de rotation
2025-03-07 20:20:10,388 - Rotation démarrée
2025-03-07 20:20:10,784 - Rotation terminée, étape 7
2025-03-07 20:20:10,784 - Dessin du carré terminé
2025-03-07 20:20:27,032 - Début du dessin d'un carré de côté 200 cm
2025-03-07 20:20:27,032 - Coin enregistré: (375.0, 204.0)
2025-03-07 20:20:27,032 - Nouveau côté commencé
2025-03-07 20:20:29,315 - Côté terminé, distance atteinte = 199.66 cm, étape 0
2025-03-07 20:20:29,315 - Coin enregistré: (574.6644481984001, 204.0)
2025-03-07 20:20:29,315 - Passage à la phase de rotation
2025-03-07 20:20:29,315 - Rotation démarrée
2025-03-07 20:20:29,707 - Rotation terminée, étape 1
2025-03-07 20:20:29,707 - Démarrage d'un nouveau côté
2025-03-07 20:20:29,708 - Nouveau côté commencé
2025-03-07 20:20:31,994 - Côté terminé, distance atteinte = 199.54 cm, étape 2
2025-03-07 20:20:31,995 - Coin enregistré: (574.6644481984001, 403.5415266693363)
2025-03-07 20:20:31,995 - Passage à la phase de rotation
2025-03-07 20:20:31,995 - Rotation démarrée
2025-03-07 20:20:32,369 - Rotation terminée, étape 3
2025-03-07 20:20:32,369 - Démarrage d'un nouveau côté
2025-03-07 20:20:32,369 - Nouveau côté commencé
2025-03-07 20:20:34,661 - Côté terminé, distance atteinte = 199.97 cm, étape 4
2025-03-07 20:20:34,661 - Coin enregistré: (374.69144782057896, 403.5415266693363)
2025-03-07 20:20:34,661 - Passage à la phase de rotation
2025-03-07 20:20:34,661 - Rotation démarrée
2025-03-07 20:20:35,052 - Rotation terminée, étape 5
2025-03-07 20:20:35,052 - Démarrage d'un nouveau côté
2025-03-07 20:20:35,052 - Nouveau côté commencé
2025-03-07 20:20:37,341 - Côté terminé, distance atteinte = 199.82 cm, étape 6
2025-03-07 20:20:37,342 - Coin enregistré: (374.69144782057896, 203.72057614500204)
2025-03-07 20:20:37,342 - Passage à la phase de rotation
2025-03-07 20:20:37,342 - Rotation démarrée
2025-03-07 20:20:37,736 - Rotation terminée, étape 7
2025-03-07 20:20:37,736 - Dessin du carré terminé
